0 info it worked if it ends with ok
1 verbose cli [ 'node',
1 verbose cli   '/usr/local/bin/npm',
1 verbose cli   'install',
1 verbose cli   'angular-templates',
1 verbose cli   '--save-dev' ]
2 info using npm@1.3.14
3 info using node@v0.10.22
4 warn package.json pagedemo@0.0.0 No description
5 warn package.json pagedemo@0.0.0 No repository field.
6 warn package.json pagedemo@0.0.0 No README data
7 verbose readDependencies using package.json deps
8 verbose cache add [ 'angular-templates', null ]
9 verbose cache add name=undefined spec="angular-templates" args=["angular-templates",null]
10 verbose parsed url { protocol: null,
10 verbose parsed url   slashes: null,
10 verbose parsed url   auth: null,
10 verbose parsed url   host: null,
10 verbose parsed url   port: null,
10 verbose parsed url   hostname: null,
10 verbose parsed url   hash: null,
10 verbose parsed url   search: null,
10 verbose parsed url   query: null,
10 verbose parsed url   pathname: 'angular-templates',
10 verbose parsed url   path: 'angular-templates',
10 verbose parsed url   href: 'angular-templates' }
11 silly lockFile 8175f4d0-angular-templates angular-templates
12 verbose lock angular-templates /Users/_Alz/.npm/8175f4d0-angular-templates.lock
13 silly lockFile 8175f4d0-angular-templates angular-templates
14 silly lockFile 8175f4d0-angular-templates angular-templates
15 verbose addNamed [ 'angular-templates', '' ]
16 verbose addNamed [ null, '*' ]
17 silly lockFile 7181c281-angular-templates angular-templates@
18 verbose lock angular-templates@ /Users/_Alz/.npm/7181c281-angular-templates.lock
19 silly addNameRange { name: 'angular-templates', range: '*', hasData: false }
20 verbose url raw angular-templates
21 verbose url resolving [ 'https://registry.npmjs.org/', './angular-templates' ]
22 verbose url resolved https://registry.npmjs.org/angular-templates
23 info trying registry request attempt 1 at 18:20:18
24 http GET https://registry.npmjs.org/angular-templates
25 http 404 https://registry.npmjs.org/angular-templates
26 silly registry.get cb [ 404,
26 silly registry.get   { date: 'Mon, 18 Aug 2014 17:20:19 GMT',
26 silly registry.get     server: 'CouchDB/1.5.0 (Erlang OTP/R14B04)',
26 silly registry.get     'content-type': 'application/json',
26 silly registry.get     'cache-control': 'max-age=0',
26 silly registry.get     'content-length': '52',
26 silly registry.get     'accept-ranges': 'bytes',
26 silly registry.get     via: '1.1 varnish',
26 silly registry.get     age: '0',
26 silly registry.get     'x-served-by': 'cache-fra1229-FRA',
26 silly registry.get     'x-cache': 'MISS',
26 silly registry.get     'x-cache-hits': '0',
26 silly registry.get     'x-timer': 'S1408382419.237333,VS0,VE434',
26 silly registry.get     'keep-alive': 'timeout=10, max=50',
26 silly registry.get     connection: 'Keep-Alive' } ]
27 silly lockFile 7181c281-angular-templates angular-templates@
28 silly lockFile 7181c281-angular-templates angular-templates@
29 error 404 'angular-templates' is not in the npm registry.
29 error 404 You should bug the author to publish it
29 error 404
29 error 404 Note that you can also install from a
29 error 404 tarball, folder, or http url, or git url.
30 error System Darwin 11.4.2
31 error command "node" "/usr/local/bin/npm" "install" "angular-templates" "--save-dev"
32 error cwd /Users/_Alz/JustEat
33 error node -v v0.10.22
34 error npm -v 1.3.14
35 error code E404
36 verbose exit [ 1, true ]
